<?xml version="1.0" encoding="UTF-8"?>
<!-- Generated by org.testng.reporters.JUnitXMLReporter -->
<testsuite ignored="0" hostname="Admin-PC" failures="0" tests="4" name="Add Customer Test" time="11.301" errors="0" timestamp="22 Feb 2020 10:32:09 GMT">
  <testcase classname="com.w2a.testcases.AddCustomerTest" name="AddCustomerTest" time="0.008">
    <skipped/>
  </testcase> <!-- AddCustomerTest -->
  <testcase classname="com.w2a.testcases.AddCustomerTest" name="AddCustomerTest" time="0.001">
    <skipped/>
  </testcase> <!-- AddCustomerTest -->
  <testcase classname="com.w2a.testcases.AddCustomerTest" name="AddCustomerTest" time="0.001">
    <skipped/>
  </testcase> <!-- AddCustomerTest -->
  <testcase classname="com.w2a.testcases.AddCustomerTest" name="AddCustomerTest" time="10.175"/>
</testsuite> <!-- Add Customer Test -->
