<?xml version="1.0" encoding="UTF-8"?>
<!-- Generated by org.testng.reporters.JUnitXMLReporter -->
<testsuite ignored="0" hostname="Admin-PC" failures="1" tests="1" name="BankManagerLoginTest" time="0.157" errors="0" timestamp="16 Jan 2020 03:45:51 GMT">
  <testcase classname="com.w2a.testcases.BankManagerLoginTest" name="Loginasbankmanager" time="0.122">
    <failure type="java.lang.AssertionError" message="null">
      <![CDATA[java.lang.AssertionError: null
	at com.w2a.testcases.BankManagerLoginTest.Loginasbankmanager(BankManagerLoginTest.java:28)
... Removed 27 stack frames]]>
    </failure>
  </testcase> <!-- Loginasbankmanager -->
</testsuite> <!-- BankManagerLoginTest -->
