<?xml version="1.0" encoding="UTF-8"?>
<!-- Generated by org.testng.reporters.JUnitXMLReporter -->
<testsuite ignored="0" hostname="Admin-PC" failures="0" tests="4" name="Add Customer Test" time="13.376" errors="0" timestamp="21 Mar 2020 11:23:02 GMT">
  <testcase classname="com.w2a.testcases.AddCustomerTest" name="AddCustomerTest" time="0.022">
    <skipped/>
  </testcase> <!-- AddCustomerTest -->
  <testcase classname="com.w2a.testcases.AddCustomerTest" name="AddCustomerTest" time="0.004">
    <skipped/>
  </testcase> <!-- AddCustomerTest -->
  <testcase classname="com.w2a.testcases.AddCustomerTest" name="AddCustomerTest" time="0.013">
    <skipped/>
  </testcase> <!-- AddCustomerTest -->
  <testcase classname="com.w2a.testcases.AddCustomerTest" name="AddCustomerTest" time="9.763"/>
</testsuite> <!-- Add Customer Test -->
