<?xml version="1.0" encoding="UTF-8"?>
<testsuite name="Add Customer Test"
           tests="4"
           failures="0"
           errors="0"
           skipped="3"
           time="10.185">
  <properties />
  
            <testcase name="AddCustomerTest" time="0.0" classname="com.w2a.testcases.AddCustomerTest">
          <skipped />
    </testcase>
            <testcase name="AddCustomerTest" time="0.0" classname="com.w2a.testcases.AddCustomerTest">
          <skipped />
    </testcase>
            <testcase name="AddCustomerTest" time="0.0" classname="com.w2a.testcases.AddCustomerTest">
          <skipped />
    </testcase>
  
            <testcase name="AddCustomerTest" time="10.175" classname="com.w2a.testcases.AddCustomerTest" />
      
</testsuite>
